TN:
SF:src/DataStore.js
FN:58,(anonymous_0)
FN:72,(anonymous_1)
FN:81,(anonymous_2)
FN:99,(anonymous_3)
FN:100,(anonymous_4)
FN:109,(anonymous_5)
FN:120,(anonymous_6)
FN:129,(anonymous_7)
FN:152,(anonymous_8)
FN:153,(anonymous_9)
FN:162,(anonymous_10)
FN:163,(anonymous_11)
FN:175,(anonymous_12)
FN:176,(anonymous_13)
FN:187,(anonymous_14)
FN:196,(anonymous_15)
FN:221,(anonymous_16)
FN:222,(anonymous_17)
FN:230,(anonymous_18)
FN:231,(anonymous_19)
FN:241,(anonymous_20)
FN:247,(anonymous_21)
FN:262,(anonymous_22)
FN:263,(anonymous_23)
FN:275,(anonymous_24)
FN:276,(anonymous_25)
FN:285,(anonymous_26)
FN:296,(anonymous_27)
FN:305,(anonymous_28)
FN:319,(anonymous_29)
FNF:30
FNH:0
FNDA:0,(anonymous_0)
FNDA:0,(anonymous_1)
FNDA:0,(anonymous_2)
FNDA:0,(anonymous_3)
FNDA:0,(anonymous_4)
FNDA:0,(anonymous_5)
FNDA:0,(anonymous_6)
FNDA:0,(anonymous_7)
FNDA:0,(anonymous_8)
FNDA:0,(anonymous_9)
FNDA:0,(anonymous_10)
FNDA:0,(anonymous_11)
FNDA:0,(anonymous_12)
FNDA:0,(anonymous_13)
FNDA:0,(anonymous_14)
FNDA:0,(anonymous_15)
FNDA:0,(anonymous_16)
FNDA:0,(anonymous_17)
FNDA:0,(anonymous_18)
FNDA:0,(anonymous_19)
FNDA:0,(anonymous_20)
FNDA:0,(anonymous_21)
FNDA:0,(anonymous_22)
FNDA:0,(anonymous_23)
FNDA:0,(anonymous_24)
FNDA:0,(anonymous_25)
FNDA:0,(anonymous_26)
FNDA:0,(anonymous_27)
FNDA:0,(anonymous_28)
FNDA:0,(anonymous_29)
DA:8,0
DA:13,0
DA:59,0
DA:73,0
DA:82,0
DA:83,0
DA:86,0
DA:87,0
DA:88,0
DA:89,0
DA:91,0
DA:100,0
DA:101,0
DA:102,0
DA:110,0
DA:111,0
DA:121,0
DA:130,0
DA:131,0
DA:133,0
DA:142,0
DA:143,0
DA:144,0
DA:153,0
DA:163,0
DA:164,0
DA:166,0
DA:167,0
DA:176,0
DA:177,0
DA:178,0
DA:188,0
DA:197,0
DA:198,0
DA:200,0
DA:211,0
DA:212,0
DA:213,0
DA:222,0
DA:231,0
DA:242,0
DA:243,0
DA:245,0
DA:247,0
DA:248,0
DA:249,0
DA:252,0
DA:263,0
DA:264,0
DA:266,0
DA:267,0
DA:276,0
DA:277,0
DA:278,0
DA:286,0
DA:287,0
DA:297,0
DA:298,0
DA:306,0
DA:320,0
DA:321,0
DA:322,0
DA:323,0
DA:327,0
LF:64
LH:0
BRDA:82,0,0,0
BRDA:82,0,1,0
BRDA:82,1,0,0
BRDA:82,1,1,0
BRDA:87,2,0,0
BRDA:87,2,1,0
BRDA:131,3,0,0
BRDA:131,3,1,0
BRDA:135,4,0,0
BRDA:135,4,1,0
BRDA:136,5,0,0
BRDA:136,5,1,0
BRDA:137,6,0,0
BRDA:137,6,1,0
BRDA:138,7,0,0
BRDA:138,7,1,0
BRDA:139,8,0,0
BRDA:139,8,1,0
BRDA:153,9,0,0
BRDA:153,9,1,0
BRDA:164,10,0,0
BRDA:164,10,1,0
BRDA:198,11,0,0
BRDA:198,11,1,0
BRDA:203,12,0,0
BRDA:203,12,1,0
BRDA:206,13,0,0
BRDA:206,13,1,0
BRDA:207,14,0,0
BRDA:207,14,1,0
BRDA:222,15,0,0
BRDA:222,15,1,0
BRDA:252,16,0,0
BRDA:252,16,1,0
BRDA:264,17,0,0
BRDA:264,17,1,0
BRDA:320,18,0,0
BRDA:320,18,1,0
BRDA:321,19,0,0
BRDA:321,19,1,0
BRDA:322,20,0,0
BRDA:322,20,1,0
BRF:42
BRH:0
end_of_record
TN:
SF:src/MenuBuilder.js
FN:14,buildMenuTemplate
FN:41,(anonymous_1)
FN:100,(anonymous_2)
FN:106,(anonymous_3)
FN:139,buildDeveloperMenu
FN:146,(anonymous_5)
FN:155,(anonymous_6)
FN:164,(anonymous_7)
FN:170,(anonymous_8)
FNF:9
FNH:0
FNDA:0,buildMenuTemplate
FNDA:0,(anonymous_1)
FNDA:0,(anonymous_2)
FNDA:0,(anonymous_3)
FNDA:0,buildDeveloperMenu
FNDA:0,(anonymous_5)
FNDA:0,(anonymous_6)
FNDA:0,(anonymous_7)
FNDA:0,(anonymous_8)
DA:7,0
DA:21,0
DA:23,0
DA:42,0
DA:101,0
DA:107,0
DA:115,0
DA:116,0
DA:132,0
DA:140,0
DA:147,0
DA:148,0
DA:156,0
DA:157,0
DA:165,0
DA:166,0
DA:171,0
DA:173,0
DA:182,0
LF:19
LH:0
BRDA:14,0,0,0
BRDA:115,1,0,0
BRDA:115,1,1,0
BRDA:147,2,0,0
BRDA:147,2,1,0
BRDA:156,3,0,0
BRDA:156,3,1,0
BRDA:171,4,0,0
BRDA:171,4,1,0
BRF:9
BRH:0
end_of_record
TN:
SF:src/Window.js
FN:37,(anonymous_0)
FN:47,(anonymous_1)
FN:52,(anonymous_2)
FN:57,(anonymous_3)
FN:66,(anonymous_4)
FN:78,(anonymous_5)
FN:91,(anonymous_6)
FN:100,(anonymous_7)
FN:109,(anonymous_8)
FNF:9
FNH:0
FNDA:0,(anonymous_0)
FNDA:0,(anonymous_1)
FNDA:0,(anonymous_2)
FNDA:0,(anonymous_3)
FNDA:0,(anonymous_4)
FNDA:0,(anonymous_5)
FNDA:0,(anonymous_6)
FNDA:0,(anonymous_7)
FNDA:0,(anonymous_8)
DA:8,0
DA:9,0
DA:14,0
DA:39,0
DA:41,0
DA:44,0
DA:47,0
DA:48,0
DA:52,0
DA:53,0
DA:57,0
DA:58,0
DA:67,0
DA:68,0
DA:69,0
DA:71,0
DA:79,0
DA:80,0
DA:82,0
DA:92,0
DA:93,0
DA:101,0
DA:102,0
DA:110,0
DA:111,0
DA:112,0
DA:114,0
DA:119,0
LF:28
LH:0
BRDA:79,0,0,0
BRDA:79,0,1,0
BRDA:92,1,0,0
BRDA:92,1,1,0
BRDA:92,2,0,0
BRDA:92,2,1,0
BRDA:101,3,0,0
BRDA:101,3,1,0
BRDA:101,4,0,0
BRDA:101,4,1,0
BRDA:110,5,0,0
BRDA:110,5,1,0
BRDA:111,6,0,0
BRDA:111,6,1,0
BRF:14
BRH:0
end_of_record
TN:
SF:src/auth.js
FN:11,(anonymous_0)
FN:16,(anonymous_1)
FN:23,(anonymous_2)
FN:34,(anonymous_3)
FN:35,(anonymous_4)
FNF:5
FNH:5
FNDA:7,(anonymous_0)
FNDA:7,(anonymous_1)
FNDA:4,(anonymous_2)
FNDA:3,(anonymous_3)
FNDA:1,(anonymous_4)
DA:7,1
DA:8,1
DA:12,7
DA:13,7
DA:17,7
DA:18,6
DA:19,6
DA:20,6
DA:24,4
DA:25,4
DA:26,4
DA:27,4
DA:28,3
DA:29,3
DA:30,3
DA:31,3
DA:34,3
DA:35,1
DA:38,1
LF:19
LH:19
BRDA:11,0,0,0
BRDA:17,1,0,1
BRDA:17,1,1,6
BRDA:25,2,0,0
BRDA:25,2,1,4
BRDA:27,3,0,1
BRDA:27,3,1,3
BRDA:34,4,0,3
BRDA:34,4,1,2
BRF:9
BRH:7
end_of_record
TN:
SF:src/db.js
FN:11,(anonymous_0)
FN:18,(anonymous_1)
FN:62,(anonymous_2)
FN:63,(anonymous_3)
FN:69,(anonymous_4)
FN:76,(anonymous_5)
FN:84,(anonymous_6)
FN:88,(anonymous_7)
FN:95,(anonymous_8)
FN:96,(anonymous_9)
FN:97,(anonymous_10)
FN:99,(anonymous_11)
FN:117,(anonymous_12)
FN:134,(anonymous_13)
FN:136,(anonymous_14)
FN:140,(anonymous_15)
FN:149,(anonymous_16)
FN:155,(anonymous_17)
FN:158,(anonymous_18)
FN:166,(anonymous_19)
FN:169,(anonymous_20)
FN:170,(anonymous_21)
FNF:22
FNH:21
FNDA:26,(anonymous_0)
FNDA:26,(anonymous_1)
FNDA:3,(anonymous_2)
FNDA:3,(anonymous_3)
FNDA:12,(anonymous_4)
FNDA:1,(anonymous_5)
FNDA:1,(anonymous_6)
FNDA:4,(anonymous_7)
FNDA:2,(anonymous_8)
FNDA:3,(anonymous_9)
FNDA:2,(anonymous_10)
FNDA:4,(anonymous_11)
FNDA:1,(anonymous_12)
FNDA:1,(anonymous_13)
FNDA:2,(anonymous_14)
FNDA:2,(anonymous_15)
FNDA:6,(anonymous_16)
FNDA:11,(anonymous_17)
FNDA:1,(anonymous_18)
FNDA:1,(anonymous_19)
FNDA:1,(anonymous_20)
FNDA:0,(anonymous_21)
DA:7,3
DA:8,3
DA:12,26
DA:13,26
DA:14,26
DA:15,26
DA:20,26
DA:30,26
DA:45,26
DA:52,26
DA:63,3
DA:70,12
DA:71,12
DA:73,11
DA:77,1
DA:78,1
DA:79,1
DA:80,1
DA:85,1
DA:89,4
DA:90,4
DA:91,3
DA:95,2
DA:96,3
DA:97,2
DA:100,4
DA:101,4
DA:114,4
DA:118,1
DA:119,1
DA:120,1
DA:121,1
DA:134,1
DA:137,2
DA:138,2
DA:139,2
DA:140,2
DA:141,2
DA:142,2
DA:143,2
DA:144,2
DA:150,6
DA:151,6
DA:153,6
DA:155,11
DA:159,1
DA:167,1
DA:168,1
DA:169,1
DA:170,1
DA:174,3
LF:51
LH:51
BRDA:11,0,0,0
BRDA:65,1,0,1
BRDA:65,1,1,2
BRDA:70,2,0,12
BRDA:70,2,1,11
BRDA:72,3,0,12
BRDA:72,3,1,11
BRDA:72,4,0,12
BRDA:72,4,1,11
BRDA:72,5,0,12
BRDA:72,5,1,10
BRDA:78,6,0,0
BRDA:78,6,1,1
BRDA:81,7,0,1
BRDA:81,7,1,1
BRDA:81,8,0,1
BRDA:81,8,1,0
BRDA:81,9,0,1
BRDA:81,9,1,0
BRDA:90,10,0,1
BRDA:90,10,1,3
BRDA:91,11,0,0
BRDA:91,11,1,3
BRDA:100,12,0,4
BRDA:100,12,1,4
BRDA:109,13,0,4
BRDA:109,13,1,4
BRDA:110,14,0,4
BRDA:110,14,1,4
BRDA:112,15,0,4
BRDA:112,15,1,4
BRDA:119,16,0,0
BRDA:119,16,1,1
BRDA:128,17,0,1
BRDA:128,17,1,1
BRDA:129,18,0,1
BRDA:129,18,1,1
BRDA:141,19,0,0
BRDA:141,19,1,2
BRDA:141,20,0,2
BRDA:141,20,1,0
BRDA:144,21,0,2
BRDA:144,21,1,1
BRDA:150,22,0,6
BRDA:150,22,1,6
BRDA:152,23,0,6
BRDA:152,23,1,0
BRDA:169,24,0,1
BRDA:169,24,1,0
BRDA:170,25,0,1
BRDA:170,25,1,0
BRF:51
BRH:40
end_of_record
TN:
SF:src/exportCalendar.js
FN:10,exportICal
FN:14,(anonymous_1)
FNF:2
FNH:0
FNDA:0,exportICal
FNDA:0,(anonymous_1)
DA:7,0
DA:8,0
DA:11,0
DA:12,0
DA:13,0
DA:14,0
DA:15,0
DA:25,0
DA:28,0
LF:9
LH:0
BRDA:10,0,0,0
BRDA:10,1,0,0
BRDA:10,2,0,0
BRDA:20,3,0,0
BRDA:20,3,1,0
BRF:5
BRH:0
end_of_record
TN:
SF:src/migrateFromStore.js
FN:11,locateElectronStoreFiles
FN:16,(anonymous_1)
FN:17,(anonymous_2)
FN:20,(anonymous_3)
FN:20,(anonymous_4)
FN:25,extractData
FN:27,(anonymous_6)
FN:31,(anonymous_7)
FN:32,(anonymous_8)
FN:33,(anonymous_9)
FN:41,migrate
FN:47,(anonymous_11)
FN:50,(anonymous_12)
FNF:13
FNH:0
FNDA:0,locateElectronStoreFiles
FNDA:0,(anonymous_1)
FNDA:0,(anonymous_2)
FNDA:0,(anonymous_3)
FNDA:0,(anonymous_4)
FNDA:0,extractData
FNDA:0,(anonymous_6)
FNDA:0,(anonymous_7)
FNDA:0,(anonymous_8)
FNDA:0,(anonymous_9)
FNDA:0,migrate
FNDA:0,(anonymous_11)
FNDA:0,(anonymous_12)
DA:7,0
DA:8,0
DA:9,0
DA:13,0
DA:14,0
DA:16,0
DA:17,0
DA:18,0
DA:19,0
DA:20,0
DA:22,0
DA:26,0
DA:27,0
DA:28,0
DA:29,0
DA:31,0
DA:32,0
DA:33,0
DA:38,0
DA:42,0
DA:43,0
DA:44,0
DA:47,0
DA:48,0
DA:50,0
DA:51,0
DA:54,0
DA:57,0
DA:58,0
DA:59,0
DA:62,0
LF:31
LH:0
BRDA:19,0,0,0
BRDA:19,0,1,0
BRDA:31,1,0,0
BRDA:31,1,1,0
BRDA:32,2,0,0
BRDA:32,2,1,0
BRDA:33,3,0,0
BRDA:33,3,1,0
BRDA:57,4,0,0
BRDA:57,4,1,0
BRF:10
BRH:0
end_of_record
TN:
SF:src/notify.js
FN:10,(anonymous_0)
FN:23,(anonymous_1)
FNF:2
FNH:0
FNDA:0,(anonymous_0)
FNDA:0,(anonymous_1)
DA:7,0
DA:11,0
DA:24,0
DA:25,0
DA:34,0
LF:5
LH:0
BRDA:12,0,0,0
BRDA:12,0,1,0
BRDA:13,1,0,0
BRDA:13,1,1,0
BRDA:15,2,0,0
BRDA:15,2,1,0
BRDA:24,3,0,0
BRDA:24,3,1,0
BRDA:26,4,0,0
BRDA:26,4,1,0
BRDA:28,5,0,0
BRDA:28,5,1,0
BRDA:29,6,0,0
BRDA:29,6,1,0
BRF:14
BRH:0
end_of_record
TN:
SF:src/recurrence.js
FN:11,(anonymous_0)
FN:18,(anonymous_1)
FN:36,(anonymous_2)
FN:62,(anonymous_3)
FN:75,(anonymous_4)
FN:88,(anonymous_5)
FN:102,(anonymous_6)
FNF:7
FNH:7
FNDA:8,(anonymous_0)
FNDA:1,(anonymous_1)
FNDA:4,(anonymous_2)
FNDA:14,(anonymous_3)
FNDA:3,(anonymous_4)
FNDA:2,(anonymous_5)
FNDA:2,(anonymous_6)
DA:7,1
DA:8,1
DA:11,8
DA:19,1
DA:20,1
DA:21,1
DA:23,1
DA:37,4
DA:41,4
DA:43,4
DA:44,0
DA:46,0
DA:51,0
DA:55,4
DA:62,14
DA:67,0
DA:68,0
DA:76,3
DA:89,2
DA:103,2
DA:114,1
LF:21
LH:16
BRDA:11,0,0,0
BRDA:20,1,0,1
BRDA:20,1,1,0
BRDA:36,2,0,0
BRDA:41,3,0,4
BRDA:41,3,1,0
BRDA:43,4,0,4
BRDA:43,4,1,0
BRDA:44,5,0,0
BRDA:44,5,1,0
BRDA:48,6,0,0
BRDA:48,6,1,0
BRDA:48,6,2,0
BRDA:56,7,0,4
BRDA:56,7,1,0
BRDA:57,8,0,4
BRDA:57,8,1,0
BRDA:75,9,0,0
BRDA:75,10,0,3
BRDA:88,11,0,0
BRDA:88,12,0,2
BRDA:102,13,0,0
BRDA:102,14,0,2
BRF:23
BRH:8
end_of_record
TN:
SF:src/utils.js
FN:14,formatDate
FN:31,formatTime
FN:44,formatDateTime
FN:54,generateId
FN:63,sanitizeInput
FN:80,timeRangesOverlap
FN:90,calculateDuration
FN:100,isValidEmail
FN:111,debounce
FN:113,executedFunction
FN:114,(anonymous_10)
FN:128,deepClone
FN:137,isEmpty
FN:146,capitalize
FNF:14
FNH:0
FNDA:0,formatDate
FNDA:0,formatTime
FNDA:0,formatDateTime
FNDA:0,generateId
FNDA:0,sanitizeInput
FNDA:0,timeRangesOverlap
FNDA:0,calculateDuration
FNDA:0,isValidEmail
FNDA:0,debounce
FNDA:0,executedFunction
FNDA:0,(anonymous_10)
FNDA:0,deepClone
FNDA:0,isEmpty
FNDA:0,capitalize
DA:15,0
DA:22,0
DA:23,0
DA:32,0
DA:33,0
DA:45,0
DA:46,0
DA:55,0
DA:64,0
DA:66,0
DA:81,0
DA:91,0
DA:92,0
DA:101,0
DA:102,0
DA:113,0
DA:114,0
DA:115,0
DA:116,0
DA:118,0
DA:119,0
DA:129,0
DA:138,0
DA:147,0
DA:148,0
DA:151,0
LF:26
LH:0
BRDA:14,0,0,0
BRDA:22,1,0,0
BRDA:22,1,1,0
BRDA:32,2,0,0
BRDA:32,2,1,0
BRDA:45,3,0,0
BRDA:45,3,1,0
BRDA:54,4,0,0
BRDA:64,5,0,0
BRDA:64,5,1,0
BRDA:81,6,0,0
BRDA:81,6,1,0
BRDA:111,7,0,0
BRDA:147,8,0,0
BRDA:147,8,1,0
BRF:15
BRH:0
end_of_record
